<?xml version="1.0" encoding="UTF-8"?>
<testng-results ignored="0" total="1" passed="1" failed="0" skipped="0">
  <reporter-output>
  </reporter-output>
  <suite started-at="2021-10-30T18:50:19 IST" name="Default suite" finished-at="2021-10-30T18:50:22 IST" duration-ms="3049">
    <groups>
    </groups>
    <test started-at="2021-10-30T18:50:19 IST" name="Default test" finished-at="2021-10-30T18:50:22 IST" duration-ms="3049">
      <class name="EndToEndRMGY.CreateProjectAndVerifyDatabase">
        <test-method is-config="true" signature="BasConfig()[pri:0, instance:EndToEndRMGY.CreateProjectAndVerifyDatabase@1b2abca6]" started-at="2021-10-30T18:50:18 IST" name="BasConfig" finished-at="2021-10-30T18:50:19 IST" duration-ms="1402" status="PASS">
          <reporter-output>
          </reporter-output>
        </test-method> <!-- BasConfig -->
        <test-method signature="createProjectAndVerifyInDB()[pri:0, instance:EndToEndRMGY.CreateProjectAndVerifyDatabase@1b2abca6]" started-at="2021-10-30T18:50:19 IST" name="createProjectAndVerifyInDB" finished-at="2021-10-30T18:50:22 IST" duration-ms="2982" status="PASS">
          <reporter-output>
          </reporter-output>
        </test-method> <!-- createProjectAndVerifyInDB -->
        <test-method is-config="true" signature="asConfig()[pri:0, instance:EndToEndRMGY.CreateProjectAndVerifyDatabase@1b2abca6]" started-at="2021-10-30T18:50:22 IST" name="asConfig" finished-at="2021-10-30T18:50:22 IST" duration-ms="9" status="PASS">
          <reporter-output>
          </reporter-output>
        </test-method> <!-- asConfig -->
      </class> <!-- EndToEndRMGY.CreateProjectAndVerifyDatabase -->
    </test> <!-- Default test -->
  </suite> <!-- Default suite -->
</testng-results>
